<?xml version="1.0" encoding="UTF-8"?>
<testsuite xmlns:xsi="http://www.w3.org/2001/XMLSchema-instance" xsi:noNamespaceSchemaLocation="https://maven.apache.org/surefire/maven-surefire-plugin/xsd/surefire-test-report-3.0.xsd" version="3.0" name="TestSuite" time="38.61" tests="10" errors="0" skipped="0" failures="1">
  <properties>
[...]
</properties>
  <testcase name="testClickSignIn" classname="com.test.HomepageTest" time="2.048">
    <system-out><![CDATA[



CONFIGURING TESTNG




]]></system-out>
    <system-err><![CDATA[[main] INFO io.github.bonigarcia.wdm.WebDriverManager - Using chromedriver 129.0.6668.100 (resolved driver for Chrome 129)
[main] INFO io.github.bonigarcia.wdm.online.Downloader - Downloading https://edgedl.me.gvt1.com/edgedl/chrome/chrome-for-testing/129.0.6668.100/win64/chromedriver-win64.zip
[main] INFO io.github.bonigarcia.wdm.online.Downloader - Extracting driver from compressed file chromedriver-win64.zip
[main] INFO io.github.bonigarcia.wdm.WebDriverManager - Exporting webdriver.chrome.driver as C:\WINDOWS\system32\config\systemprofile\.cache\selenium\chromedriver\win64\129.0.6668.100\chromedriver.exe
Oct 17, 2024 9:58:04 AM org.openqa.selenium.devtools.CdpVersionFinder findNearestMatch
WARNING: Unable to find an exact match for CDP version 129, returning the closest version; found: 127; Please update to a Selenium version that supports CDP version 129
]]></system-err>
  </testcase>
  <testcase name="testClickSignUp" classname="com.test.HomepageTest" time="0.05">
    <failure message="no such element: Unable to locate element: {&quot;method&quot;:&quot;xpath&quot;,&quot;selector&quot;:&quot;//a[@href=&apos;/signup&apos;]&quot;}&#10;  (Session info: chrome=129.0.6668.101)&#10;For documentation on this error, please visit: https://www.selenium.dev/documentation/webdriver/troubleshooting/errors#no-such-element-exception&#10;Build info: version: &apos;4.23.0&apos;, revision: &apos;4df0a231af&apos;&#10;System info: os.name: &apos;Windows 11&apos;, os.arch: &apos;amd64&apos;, os.version: &apos;10.0&apos;, java.version: &apos;11.0.22&apos;&#10;Driver info: org.openqa.selenium.chrome.ChromeDriver&#10;Command: [9771752b7a81b0ad499e7dd4d91f3900, findElement {value=//a[@href=&apos;/signup&apos;], using=xpath}]&#10;Capabilities {acceptInsecureCerts: false, browserName: chrome, browserVersion: 129.0.6668.101, chrome: {chromedriverVersion: 129.0.6668.100 (cf58cba358d..., userDataDir: C:\WINDOWS\SystemTemp\scope...}, fedcm:accounts: true, goog:chromeOptions: {debuggerAddress: localhost:4490}, networkConnectionEnabled: false, pageLoadStrategy: normal, platformName: windows, proxy: Proxy(), se:cdp: ws://localhost:4490/devtool..., se:cdpVersion: 129.0.6668.101, setWindowRect: true, strictFileInteractability: false, timeouts: {implicit: 0, pageLoad: 300000, script: 30000}, unhandledPromptBehavior: dismiss and notify, webauthn:extension:credBlob: true, webauthn:extension:largeBlob: true, webauthn:extension:minPinLength: true, webauthn:extension:prf: true, webauthn:virtualAuthenticators: true}&#10;Session ID: 9771752b7a81b0ad499e7dd4d91f3900" type="org.openqa.selenium.NoSuchElementException"><![CDATA[org.openqa.selenium.NoSuchElementException: 
no such element: Unable to locate element: {"method":"xpath","selector":"//a[@href='/signup']"}
  (Session info: chrome=129.0.6668.101)
For documentation on this error, please visit: https://www.selenium.dev/documentation/webdriver/troubleshooting/errors#no-such-element-exception
Build info: version: '4.23.0', revision: '4df0a231af'
System info: os.name: 'Windows 11', os.arch: 'amd64', os.version: '10.0', java.version: '11.0.22'
Driver info: org.openqa.selenium.chrome.ChromeDriver
Command: [9771752b7a81b0ad499e7dd4d91f3900, findElement {value=//a[@href='/signup'], using=xpath}]
Capabilities {acceptInsecureCerts: false, browserName: chrome, browserVersion: 129.0.6668.101, chrome: {chromedriverVersion: 129.0.6668.100 (cf58cba358d..., userDataDir: C:\WINDOWS\SystemTemp\scope...}, fedcm:accounts: true, goog:chromeOptions: {debuggerAddress: localhost:4490}, networkConnectionEnabled: false, pageLoadStrategy: normal, platformName: windows, proxy: Proxy(), se:cdp: ws://localhost:4490/devtool..., se:cdpVersion: 129.0.6668.101, setWindowRect: true, strictFileInteractability: false, timeouts: {implicit: 0, pageLoad: 300000, script: 30000}, unhandledPromptBehavior: dismiss and notify, webauthn:extension:credBlob: true, webauthn:extension:largeBlob: true, webauthn:extension:minPinLength: true, webauthn:extension:prf: true, webauthn:virtualAuthenticators: true}
Session ID: 9771752b7a81b0ad499e7dd4d91f3900
	at java.base/jdk.internal.reflect.NativeConstructorAccessorImpl.newInstance0(Native Method)
	at java.base/jdk.internal.reflect.NativeConstructorAccessorImpl.newInstance(NativeConstructorAccessorImpl.java:62)
	at java.base/jdk.internal.reflect.DelegatingConstructorAccessorImpl.newInstance(DelegatingConstructorAccessorImpl.java:45)
	at java.base/java.lang.reflect.Constructor.newInstance(Constructor.java:490)
	at org.openqa.selenium.remote.ErrorCodec.decode(ErrorCodec.java:167)
	at org.openqa.selenium.remote.codec.w3c.W3CHttpResponseCodec.decode(W3CHttpResponseCodec.java:138)
	at org.openqa.selenium.remote.codec.w3c.W3CHttpResponseCodec.decode(W3CHttpResponseCodec.java:50)
	at org.openqa.selenium.remote.HttpCommandExecutor.execute(HttpCommandExecutor.java:190)
	at org.openqa.selenium.remote.service.DriverCommandExecutor.invokeExecute(DriverCommandExecutor.java:216)
	at org.openqa.selenium.remote.service.DriverCommandExecutor.execute(DriverCommandExecutor.java:174)
	at org.openqa.selenium.remote.RemoteWebDriver.execute(RemoteWebDriver.java:527)
	at org.openqa.selenium.remote.ElementLocation$ElementFinder$2.findElement(ElementLocation.java:165)
	at org.openqa.selenium.remote.ElementLocation.findElement(ElementLocation.java:59)
	at org.openqa.selenium.remote.RemoteWebDriver.findElement(RemoteWebDriver.java:357)
	at org.openqa.selenium.remote.RemoteWebDriver.findElement(RemoteWebDriver.java:351)
	at org.openqa.selenium.support.pagefactory.DefaultElementLocator.findElement(DefaultElementLocator.java:68)
	at org.openqa.selenium.support.pagefactory.internal.LocatingElementHandler.invoke(LocatingElementHandler.java:38)
	at com.sun.proxy.$Proxy12.click(Unknown Source)
	at com.pom.Homepage.clickSignUp(Homepage.java:28)
	at com.test.HomepageTest.testClickSignUp(HomepageTest.java:41)
	at java.base/jdk.internal.reflect.NativeMethodAccessorImpl.invoke0(Native Method)
	at java.base/jdk.internal.reflect.NativeMethodAccessorImpl.invoke(NativeMethodAccessorImpl.java:62)
	at java.base/jdk.internal.reflect.DelegatingMethodAccessorImpl.invoke(DelegatingMethodAccessorImpl.java:43)
	at java.base/java.lang.reflect.Method.invoke(Method.java:566)
	at org.testng.internal.MethodInvocationHelper.invokeMethod(MethodInvocationHelper.java:133)
	at org.testng.internal.TestInvoker.invokeMethod(TestInvoker.java:598)
	at org.testng.internal.TestInvoker.invokeTestMethod(TestInvoker.java:173)
	at org.testng.internal.MethodRunner.runInSequence(MethodRunner.java:46)
	at org.testng.internal.TestInvoker$MethodInvocationAgent.invoke(TestInvoker.java:824)
	at org.testng.internal.TestInvoker.invokeTestMethods(TestInvoker.java:146)
	at org.testng.internal.TestMethodWorker.invokeTestMethods(TestMethodWorker.java:146)
	at org.testng.internal.TestMethodWorker.run(TestMethodWorker.java:128)
	at java.base/java.util.ArrayList.forEach(ArrayList.java:1541)
	at org.testng.TestRunner.privateRun(TestRunner.java:794)
	at org.testng.TestRunner.run(TestRunner.java:596)
	at org.testng.SuiteRunner.runTest(SuiteRunner.java:377)
	at org.testng.SuiteRunner.runSequentially(SuiteRunner.java:371)
	at org.testng.SuiteRunner.privateRun(SuiteRunner.java:332)
	at org.testng.SuiteRunner.run(SuiteRunner.java:276)
	at org.testng.SuiteRunnerWorker.runSuite(SuiteRunnerWorker.java:53)
	at org.testng.SuiteRunnerWorker.run(SuiteRunnerWorker.java:96)
	at org.testng.TestNG.runSuitesSequentially(TestNG.java:1212)
	at org.testng.TestNG.runSuitesLocally(TestNG.java:1134)
	at org.testng.TestNG.runSuites(TestNG.java:1063)
	at org.testng.TestNG.run(TestNG.java:1031)
	at org.apache.maven.surefire.testng.TestNGExecutor.run(TestNGExecutor.java:155)
	at org.apache.maven.surefire.testng.TestNGDirectoryTestSuite.executeMulti(TestNGDirectoryTestSuite.java:169)
	at org.apache.maven.surefire.testng.TestNGDirectoryTestSuite.execute(TestNGDirectoryTestSuite.java:88)
	at org.apache.maven.surefire.testng.TestNGProvider.invoke(TestNGProvider.java:137)
	at org.apache.maven.surefire.booter.ForkedBooter.runSuitesInProcess(ForkedBooter.java:385)
	at org.apache.maven.surefire.booter.ForkedBooter.execute(ForkedBooter.java:162)
	at org.apache.maven.surefire.booter.ForkedBooter.run(ForkedBooter.java:507)
	at org.apache.maven.surefire.booter.ForkedBooter.main(ForkedBooter.java:495)
]]></failure>
  </testcase>
  <testcase name="testInvalidLogin" classname="com.test.LoginTest" time="1.917">
    <system-err><![CDATA[[main] INFO io.github.bonigarcia.wdm.WebDriverManager - Using chromedriver 129.0.6668.100 (resolved driver for Chrome 129)
[main] INFO io.github.bonigarcia.wdm.WebDriverManager - Exporting webdriver.chrome.driver as C:\WINDOWS\system32\config\systemprofile\.cache\selenium\chromedriver\win64\129.0.6668.100\chromedriver.exe
Oct 17, 2024 9:58:11 AM org.openqa.selenium.devtools.CdpVersionFinder findNearestMatch
WARNING: Unable to find an exact match for CDP version 129, returning the closest version; found: 127; Please update to a Selenium version that supports CDP version 129
]]></system-err>
  </testcase>
  <testcase name="testLogin" classname="com.test.LoginTest" time="0.264"/>
  <testcase name="testClickEachProductAndPrintPrice" classname="com.test.ProductPageTest" time="0.02">
    <system-out><![CDATA[An error occurred while clicking on products and printing prices: null
]]></system-out>
    <system-err><![CDATA[Oct 17, 2024 9:58:16 AM org.openqa.selenium.devtools.CdpVersionFinder findNearestMatch
WARNING: Unable to find an exact match for CDP version 129, returning the closest version; found: 127; Please update to a Selenium version that supports CDP version 129
]]></system-err>
  </testcase>
  <testcase name="verifyProductNamesAndPrices" classname="com.test.TestAllProducts" time="1.664">
    <system-out><![CDATA[Total products: 34
Product Name: Blue Top
Product Price: Rs. 500
----------------------
Product Name: Men Tshirt
Product Price: Rs. 400
----------------------
Product Name: Sleeveless Dress
Product Price: Rs. 1000
----------------------
Product Name: Stylish Dress
Product Price: Rs. 1500
----------------------
Product Name: Winter Top
Product Price: Rs. 600
----------------------
Product Name: Summer White Top
Product Price: Rs. 400
----------------------
Product Name: Madame Top For Women
Product Price: Rs. 1000
----------------------
Product Name: Fancy Green Top
Product Price: Rs. 700
----------------------
Product Name: Sleeves Printed Top - White
Product Price: Rs. 499
----------------------
Product Name: Half Sleeves Top Schiffli Detailing - Pink
Product Price: Rs. 359
----------------------
Product Name: Frozen Tops For Kids
Product Price: Rs. 278
----------------------
Product Name: Full Sleeves Top Cherry - Pink
Product Price: Rs. 679
----------------------
Product Name: Printed Off Shoulder Top - White
Product Price: Rs. 315
----------------------
Product Name: Sleeves Top and Short - Blue & Pink
Product Price: Rs. 478
----------------------
Product Name: Little Girls Mr. Panda Shirt
Product Price: Rs. 1200
----------------------
Product Name: Sleeveless Unicorn Patch Gown - Pink
Product Price: Rs. 1050
----------------------
Product Name: Cotton Mull Embroidered Dress
Product Price: Rs. 1190
----------------------
Product Name: Blue Cotton Indie Mickey Dress
Product Price: Rs. 1530
----------------------
Product Name: Long Maxi Tulle Fancy Dress Up Outfits -Pink
Product Price: Rs. 1600
----------------------
Product Name: Sleeveless Unicorn Print Fit & Flare Net Dress - Multi
Product Price: Rs. 1100
----------------------
Product Name: Colour Blocked Shirt – Sky Blue
Product Price: Rs. 849
----------------------
Product Name: Pure Cotton V-Neck T-Shirt
Product Price: Rs. 1299
----------------------
Product Name: Green Side Placket Detail T-Shirt
Product Price: Rs. 1000
----------------------
Product Name: Premium Polo T-Shirts
Product Price: Rs. 1500
----------------------
Product Name: Pure Cotton Neon Green Tshirt
Product Price: Rs. 850
----------------------
Product Name: Soft Stretch Jeans
Product Price: Rs. 799
----------------------
Product Name: Regular Fit Straight Jeans
Product Price: Rs. 1200
----------------------
Product Name: Grunt Blue Slim Fit Jeans
Product Price: Rs. 1400
----------------------
Product Name: Rose Pink Embroidered Maxi Dress
Product Price: Rs. 2300
----------------------
Product Name: Cotton Silk Hand Block Print Saree
Product Price: Rs. 3000
----------------------
Product Name: Rust Red Linen Saree
Product Price: Rs. 3500
----------------------
Product Name: Beautiful Peacock Blue Cotton Linen Saree
Product Price: Rs. 5000
----------------------
Product Name: Lace Top For Women
Product Price: Rs. 1400
----------------------
Product Name: GRAPHIC DESIGN MEN T SHIRT - BLUE
Product Price: Rs. 1389
----------------------
]]></system-out>
    <system-err><![CDATA[[main] INFO io.github.bonigarcia.wdm.WebDriverManager - Using chromedriver 129.0.6668.100 (resolved driver for Chrome 129)
[main] INFO io.github.bonigarcia.wdm.WebDriverManager - Exporting webdriver.chrome.driver as C:\WINDOWS\system32\config\systemprofile\.cache\selenium\chromedriver\win64\129.0.6668.100\chromedriver.exe
Oct 17, 2024 9:58:21 AM org.openqa.selenium.devtools.CdpVersionFinder findNearestMatch
WARNING: Unable to find an exact match for CDP version 129, returning the closest version; found: 127; Please update to a Selenium version that supports CDP version 129
]]></system-err>
  </testcase>
  <testcase name="verifyProductNames" classname="com.test.TestBabyhugProducts" time="0.067">
    <system-out><![CDATA[Total product names: 4
Sleeves Printed Top - White
Half Sleeves Top Schiffli Detailing - Pink
Printed Off Shoulder Top - White
Sleeves Top and Short - Blue & Pink
]]></system-out>
    <system-err><![CDATA[[main] INFO io.github.bonigarcia.wdm.WebDriverManager - Using chromedriver 129.0.6668.100 (resolved driver for Chrome 129)
[main] INFO io.github.bonigarcia.wdm.WebDriverManager - Exporting webdriver.chrome.driver as C:\WINDOWS\system32\config\systemprofile\.cache\selenium\chromedriver\win64\129.0.6668.100\chromedriver.exe
Oct 17, 2024 9:58:27 AM org.openqa.selenium.devtools.CdpVersionFinder findNearestMatch
WARNING: Unable to find an exact match for CDP version 129, returning the closest version; found: 127; Please update to a Selenium version that supports CDP version 129
]]></system-err>
  </testcase>
  <testcase name="verifyProductPrices" classname="com.test.TestBabyhugProducts" time="0.061">
    <system-out><![CDATA[Total prices of products: 4
Rs. 499
Rs. 359
Rs. 315
Rs. 478
]]></system-out>
  </testcase>
  <testcase name="verifyTotalProducts" classname="com.test.TestBabyhugProducts" time="0.092">
    <system-out><![CDATA[Total Babyhug products: 4
Rs. 499
Sleeves Printed Top - White
Add to cart
Rs. 359
Half Sleeves Top Schiffli Detailing - Pink
Add to cart
Rs. 315
Printed Off Shoulder Top - White
Add to cart
Rs. 478
Sleeves Top and Short - Blue & Pink
Add to cart
]]></system-out>
  </testcase>
  <testcase name="testTshirtDetails" classname="com.test.TestProductDetails" time="0.065">
    <system-out><![CDATA[Total T-shirts found: 1
T-shirt: (6)
POLO
Total type of T-shirt names: 0
Total T-shirt prices found: 0
]]></system-out>
    <system-err><![CDATA[[main] INFO io.github.bonigarcia.wdm.WebDriverManager - Using chromedriver 129.0.6668.100 (resolved driver for Chrome 129)
[main] INFO io.github.bonigarcia.wdm.WebDriverManager - Exporting webdriver.chrome.driver as C:\WINDOWS\system32\config\systemprofile\.cache\selenium\chromedriver\win64\129.0.6668.100\chromedriver.exe
Oct 17, 2024 9:58:32 AM org.openqa.selenium.devtools.CdpVersionFinder findNearestMatch
WARNING: Unable to find an exact match for CDP version 129, returning the closest version; found: 127; Please update to a Selenium version that supports CDP version 129
]]></system-err>
  </testcase>
</testsuite>