<?xml version="1.0" encoding="UTF-8"?>
<testng-results ignored="0" total="11" passed="10" failed="1" skipped="0">
  <reporter-output>
  </reporter-output>
  <suite started-at="2024-10-16T14:49:22 IST" name="Suite" finished-at="2024-10-16T14:50:29 IST" duration-ms="66857">
    <groups>
    </groups>
    <test started-at="2024-10-16T14:49:22 IST" name="Test" finished-at="2024-10-16T14:50:29 IST" duration-ms="66857">
      <class name="com.test.ExtentReportListener">
        <test-method is-config="true" signature="setup()[pri:0, instance:com.test.ExtentReportListener@6fa51cd4]" started-at="2024-10-16T14:50:02 IST" name="setup" finished-at="2024-10-16T14:50:09 IST" duration-ms="7414" status="PASS">
          <reporter-output>
          </reporter-output>
        </test-method> <!-- setup -->
        <test-method signature="verifyProductNamesAndPrices()[pri:0, instance:com.test.ExtentReportListener@6fa51cd4]" started-at="2024-10-16T14:50:09 IST" name="verifyProductNamesAndPrices" finished-at="2024-10-16T14:50:13 IST" duration-ms="3542" status="PASS">
          <reporter-output>
          </reporter-output>
        </test-method> <!-- verifyProductNamesAndPrices -->
        <test-method is-config="true" signature="tearDown()[pri:0, instance:com.test.ExtentReportListener@6fa51cd4]" started-at="2024-10-16T14:50:13 IST" name="tearDown" finished-at="2024-10-16T14:50:14 IST" duration-ms="1379" status="PASS">
          <reporter-output>
          </reporter-output>
        </test-method> <!-- tearDown -->
      </class> <!-- com.test.ExtentReportListener -->
      <class name="com.test.TestBabyhugProducts">
        <test-method is-config="true" signature="setup()[pri:0, instance:com.test.TestBabyhugProducts@57a78e3]" started-at="2024-10-16T14:49:49 IST" name="setup" finished-at="2024-10-16T14:49:55 IST" duration-ms="5722" status="PASS">
          <reporter-output>
          </reporter-output>
        </test-method> <!-- setup -->
        <test-method signature="verifyProductNames()[pri:0, instance:com.test.TestBabyhugProducts@57a78e3]" started-at="2024-10-16T14:49:55 IST" name="verifyProductNames" finished-at="2024-10-16T14:49:55 IST" duration-ms="299" status="PASS">
          <reporter-output>
          </reporter-output>
        </test-method> <!-- verifyProductNames -->
        <test-method signature="verifyProductPrices()[pri:0, instance:com.test.TestBabyhugProducts@57a78e3]" started-at="2024-10-16T14:49:55 IST" name="verifyProductPrices" finished-at="2024-10-16T14:49:56 IST" duration-ms="171" status="PASS">
          <reporter-output>
          </reporter-output>
        </test-method> <!-- verifyProductPrices -->
        <test-method signature="verifyTotalProducts()[pri:0, instance:com.test.TestBabyhugProducts@57a78e3]" started-at="2024-10-16T14:49:56 IST" name="verifyTotalProducts" finished-at="2024-10-16T14:49:56 IST" duration-ms="259" status="PASS">
          <reporter-output>
          </reporter-output>
        </test-method> <!-- verifyTotalProducts -->
        <test-method is-config="true" signature="tearDown()[pri:0, instance:com.test.TestBabyhugProducts@57a78e3]" started-at="2024-10-16T14:49:56 IST" name="tearDown" finished-at="2024-10-16T14:49:56 IST" duration-ms="229" status="PASS">
          <reporter-output>
          </reporter-output>
        </test-method> <!-- tearDown -->
      </class> <!-- com.test.TestBabyhugProducts -->
      <class name="com.test.ProductPageTest">
        <test-method is-config="true" signature="setUp()[pri:0, instance:com.test.ProductPageTest@402c4085]" started-at="2024-10-16T14:49:56 IST" name="setUp" finished-at="2024-10-16T14:50:02 IST" duration-ms="5620" status="PASS">
          <reporter-output>
          </reporter-output>
        </test-method> <!-- setUp -->
        <test-method signature="testClickEachProductAndPrintPrice()[pri:0, instance:com.test.ProductPageTest@402c4085]" started-at="2024-10-16T14:50:02 IST" name="testClickEachProductAndPrintPrice" finished-at="2024-10-16T14:50:02 IST" duration-ms="84" status="PASS">
          <reporter-output>
          </reporter-output>
        </test-method> <!-- testClickEachProductAndPrintPrice -->
        <test-method is-config="true" signature="tearDown()[pri:0, instance:com.test.ProductPageTest@402c4085]" started-at="2024-10-16T14:50:02 IST" name="tearDown" finished-at="2024-10-16T14:50:02 IST" duration-ms="307" status="PASS">
          <reporter-output>
          </reporter-output>
        </test-method> <!-- tearDown -->
      </class> <!-- com.test.ProductPageTest -->
      <class name="com.test.TestProductDetails">
        <test-method is-config="true" signature="setUp()[pri:0, instance:com.test.TestProductDetails@2767e23c]" started-at="2024-10-16T14:50:14 IST" name="setUp" finished-at="2024-10-16T14:50:20 IST" duration-ms="5304" status="PASS">
          <reporter-output>
          </reporter-output>
        </test-method> <!-- setUp -->
        <test-method signature="testTshirtDetails()[pri:0, instance:com.test.TestProductDetails@2767e23c]" started-at="2024-10-16T14:50:20 IST" name="testTshirtDetails" finished-at="2024-10-16T14:50:20 IST" duration-ms="239" status="PASS">
          <reporter-output>
          </reporter-output>
        </test-method> <!-- testTshirtDetails -->
        <test-method is-config="true" signature="tearDown()[pri:0, instance:com.test.TestProductDetails@2767e23c]" started-at="2024-10-16T14:50:20 IST" name="tearDown" finished-at="2024-10-16T14:50:20 IST" duration-ms="310" status="PASS">
          <reporter-output>
          </reporter-output>
        </test-method> <!-- tearDown -->
      </class> <!-- com.test.TestProductDetails -->
      <class name="com.test.HomepageTest">
        <test-method is-config="true" signature="setUp()[pri:0, instance:com.test.HomepageTest@4681c175]" started-at="2024-10-16T14:49:41 IST" name="setUp" finished-at="2024-10-16T14:49:46 IST" duration-ms="4826" status="PASS">
          <reporter-output>
          </reporter-output>
        </test-method> <!-- setUp -->
        <test-method signature="testClickSignIn()[pri:0, instance:com.test.HomepageTest@4681c175]" started-at="2024-10-16T14:49:46 IST" name="testClickSignIn" finished-at="2024-10-16T14:49:49 IST" duration-ms="2622" status="PASS">
          <reporter-output>
          </reporter-output>
        </test-method> <!-- testClickSignIn -->
        <test-method signature="testClickSignUp()[pri:0, instance:com.test.HomepageTest@4681c175]" started-at="2024-10-16T14:49:49 IST" name="testClickSignUp" finished-at="2024-10-16T14:49:49 IST" duration-ms="111" status="FAIL">
          <exception class="org.openqa.selenium.NoSuchElementException">
            <message>
              <![CDATA[no such element: Unable to locate element: {"method":"xpath","selector":"//a[@href='/signup']"}
  (Session info: chrome=129.0.6668.101)
For documentation on this error, please visit: https://www.selenium.dev/documentation/webdriver/troubleshooting/errors#no-such-element-exception
Build info: version: '4.21.0', revision: '79ed462ef4'
System info: os.name: 'Windows 11', os.arch: 'amd64', os.version: '10.0', java.version: '22.0.1'
Driver info: org.openqa.selenium.chrome.ChromeDriver
Command: [55ec5458cc82a48447c240bfae53ab42, findElement {value=//a[@href='/signup'], using=xpath}]
Capabilities {acceptInsecureCerts: false, browserName: chrome, browserVersion: 129.0.6668.101, chrome: {chromedriverVersion: 129.0.6668.100 (cf58cba358d..., userDataDir: C:\Users\shree\AppData\Loca...}, fedcm:accounts: true, goog:chromeOptions: {debuggerAddress: localhost:6379}, networkConnectionEnabled: false, pageLoadStrategy: normal, platformName: windows, proxy: Proxy(), se:cdp: ws://localhost:6379/devtool..., se:cdpVersion: 129.0.6668.101, setWindowRect: true, strictFileInteractability: false, timeouts: {implicit: 0, pageLoad: 300000, script: 30000}, unhandledPromptBehavior: dismiss and notify, webauthn:extension:credBlob: true, webauthn:extension:largeBlob: true, webauthn:extension:minPinLength: true, webauthn:extension:prf: true, webauthn:virtualAuthenticators: true}
Session ID: 55ec5458cc82a48447c240bfae53ab42]]>
            </message>
            <full-stacktrace>
              <![CDATA[org.openqa.selenium.NoSuchElementException: no such element: Unable to locate element: {"method":"xpath","selector":"//a[@href='/signup']"}
  (Session info: chrome=129.0.6668.101)
For documentation on this error, please visit: https://www.selenium.dev/documentation/webdriver/troubleshooting/errors#no-such-element-exception
Build info: version: '4.21.0', revision: '79ed462ef4'
System info: os.name: 'Windows 11', os.arch: 'amd64', os.version: '10.0', java.version: '22.0.1'
Driver info: org.openqa.selenium.chrome.ChromeDriver
Command: [55ec5458cc82a48447c240bfae53ab42, findElement {value=//a[@href='/signup'], using=xpath}]
Capabilities {acceptInsecureCerts: false, browserName: chrome, browserVersion: 129.0.6668.101, chrome: {chromedriverVersion: 129.0.6668.100 (cf58cba358d..., userDataDir: C:\Users\shree\AppData\Loca...}, fedcm:accounts: true, goog:chromeOptions: {debuggerAddress: localhost:6379}, networkConnectionEnabled: false, pageLoadStrategy: normal, platformName: windows, proxy: Proxy(), se:cdp: ws://localhost:6379/devtool..., se:cdpVersion: 129.0.6668.101, setWindowRect: true, strictFileInteractability: false, timeouts: {implicit: 0, pageLoad: 300000, script: 30000}, unhandledPromptBehavior: dismiss and notify, webauthn:extension:credBlob: true, webauthn:extension:largeBlob: true, webauthn:extension:minPinLength: true, webauthn:extension:prf: true, webauthn:virtualAuthenticators: true}
Session ID: 55ec5458cc82a48447c240bfae53ab42
at java.base/jdk.internal.reflect.DirectConstructorHandleAccessor.newInstance(DirectConstructorHandleAccessor.java:62)
at java.base/java.lang.reflect.Constructor.newInstanceWithCaller(Constructor.java:502)
at java.base/java.lang.reflect.Constructor.newInstance(Constructor.java:486)
at org.openqa.selenium.remote.ErrorCodec.decode(ErrorCodec.java:167)
at org.openqa.selenium.remote.codec.w3c.W3CHttpResponseCodec.decode(W3CHttpResponseCodec.java:138)
at org.openqa.selenium.remote.codec.w3c.W3CHttpResponseCodec.decode(W3CHttpResponseCodec.java:50)
at org.openqa.selenium.remote.HttpCommandExecutor.execute(HttpCommandExecutor.java:190)
at org.openqa.selenium.remote.service.DriverCommandExecutor.invokeExecute(DriverCommandExecutor.java:216)
at org.openqa.selenium.remote.service.DriverCommandExecutor.execute(DriverCommandExecutor.java:174)
at org.openqa.selenium.remote.RemoteWebDriver.execute(RemoteWebDriver.java:518)
at org.openqa.selenium.remote.ElementLocation$ElementFinder$2.findElement(ElementLocation.java:165)
at org.openqa.selenium.remote.ElementLocation.findElement(ElementLocation.java:59)
at org.openqa.selenium.remote.RemoteWebDriver.findElement(RemoteWebDriver.java:355)
at org.openqa.selenium.remote.RemoteWebDriver.findElement(RemoteWebDriver.java:349)
at org.openqa.selenium.support.pagefactory.DefaultElementLocator.findElement(DefaultElementLocator.java:68)
at org.openqa.selenium.support.pagefactory.internal.LocatingElementHandler.invoke(LocatingElementHandler.java:38)
at jdk.proxy2/jdk.proxy2.$Proxy14.click(Unknown Source)
at com.pom.Homepage.clickSignUp(Homepage.java:28)
at com.test.HomepageTest.testClickSignUp(HomepageTest.java:41)
at java.base/jdk.internal.reflect.DirectMethodHandleAccessor.invoke(DirectMethodHandleAccessor.java:103)
at java.base/java.lang.reflect.Method.invoke(Method.java:580)
at org.testng.internal.MethodInvocationHelper.invokeMethod(MethodInvocationHelper.java:133)
at org.testng.internal.TestInvoker.invokeMethod(TestInvoker.java:598)
at org.testng.internal.TestInvoker.invokeTestMethod(TestInvoker.java:173)
at org.testng.internal.MethodRunner.runInSequence(MethodRunner.java:46)
at org.testng.internal.TestInvoker$MethodInvocationAgent.invoke(TestInvoker.java:824)
at org.testng.internal.TestInvoker.invokeTestMethods(TestInvoker.java:146)
at org.testng.internal.TestMethodWorker.invokeTestMethods(TestMethodWorker.java:146)
at org.testng.internal.TestMethodWorker.run(TestMethodWorker.java:128)
at java.base/java.util.ArrayList.forEach(ArrayList.java:1597)
at org.testng.TestRunner.privateRun(TestRunner.java:794)
at org.testng.TestRunner.run(TestRunner.java:596)
at org.testng.SuiteRunner.runTest(SuiteRunner.java:377)
at org.testng.SuiteRunner.runSequentially(SuiteRunner.java:371)
at org.testng.SuiteRunner.privateRun(SuiteRunner.java:332)
at org.testng.SuiteRunner.run(SuiteRunner.java:276)
at org.testng.SuiteRunnerWorker.runSuite(SuiteRunnerWorker.java:53)
at org.testng.SuiteRunnerWorker.run(SuiteRunnerWorker.java:96)
at org.testng.TestNG.runSuitesSequentially(TestNG.java:1212)
at org.testng.TestNG.runSuitesLocally(TestNG.java:1134)
at org.testng.TestNG.runSuites(TestNG.java:1063)
at org.testng.TestNG.run(TestNG.java:1031)
at org.testng.remote.AbstractRemoteTestNG.run(AbstractRemoteTestNG.java:115)
at org.testng.remote.RemoteTestNG.initAndRun(RemoteTestNG.java:293)
at org.testng.remote.RemoteTestNG.main(RemoteTestNG.java:91)
]]>
            </full-stacktrace>
          </exception> <!-- org.openqa.selenium.NoSuchElementException -->
          <reporter-output>
          </reporter-output>
        </test-method> <!-- testClickSignUp -->
        <test-method is-config="true" signature="tearDown()[pri:0, instance:com.test.HomepageTest@4681c175]" started-at="2024-10-16T14:49:49 IST" name="tearDown" finished-at="2024-10-16T14:49:49 IST" duration-ms="282" status="PASS">
          <reporter-output>
          </reporter-output>
        </test-method> <!-- tearDown -->
      </class> <!-- com.test.HomepageTest -->
      <class name="com.test.TestAllProducts">
        <test-method is-config="true" signature="setup()[pri:0, instance:com.test.TestAllProducts@6caf0677]" started-at="2024-10-16T14:49:22 IST" name="setup" finished-at="2024-10-16T14:49:37 IST" duration-ms="14681" status="PASS">
          <reporter-output>
          </reporter-output>
        </test-method> <!-- setup -->
        <test-method signature="verifyProductNamesAndPrices()[pri:0, instance:com.test.TestAllProducts@6caf0677]" started-at="2024-10-16T14:49:37 IST" name="verifyProductNamesAndPrices" finished-at="2024-10-16T14:49:41 IST" duration-ms="4325" status="PASS">
          <reporter-output>
          </reporter-output>
        </test-method> <!-- verifyProductNamesAndPrices -->
        <test-method is-config="true" signature="tearDown()[pri:0, instance:com.test.TestAllProducts@6caf0677]" started-at="2024-10-16T14:49:41 IST" name="tearDown" finished-at="2024-10-16T14:49:41 IST" duration-ms="358" status="PASS">
          <reporter-output>
          </reporter-output>
        </test-method> <!-- tearDown -->
      </class> <!-- com.test.TestAllProducts -->
      <class name="com.test.LoginTest">
        <test-method is-config="true" signature="setUp()[pri:0, instance:com.test.LoginTest@710c2b53]" started-at="2024-10-16T14:50:20 IST" name="setUp" finished-at="2024-10-16T14:50:25 IST" duration-ms="4510" status="PASS">
          <reporter-output>
          </reporter-output>
        </test-method> <!-- setUp -->
        <test-method signature="testInvalidLogin()[pri:0, instance:com.test.LoginTest@710c2b53]" started-at="2024-10-16T14:50:25 IST" name="testInvalidLogin" finished-at="2024-10-16T14:50:28 IST" duration-ms="2891" status="PASS">
          <reporter-output>
          </reporter-output>
        </test-method> <!-- testInvalidLogin -->
        <test-method signature="testLogin()[pri:0, instance:com.test.LoginTest@710c2b53]" started-at="2024-10-16T14:50:28 IST" name="testLogin" finished-at="2024-10-16T14:50:29 IST" duration-ms="881" status="PASS">
          <reporter-output>
          </reporter-output>
        </test-method> <!-- testLogin -->
        <test-method is-config="true" signature="tearDown()[pri:0, instance:com.test.LoginTest@710c2b53]" started-at="2024-10-16T14:50:29 IST" name="tearDown" finished-at="2024-10-16T14:50:29 IST" duration-ms="308" status="PASS">
          <reporter-output>
          </reporter-output>
        </test-method> <!-- tearDown -->
      </class> <!-- com.test.LoginTest -->
    </test> <!-- Test -->
  </suite> <!-- Suite -->
</testng-results>
